<?xml version="1.0" encoding="UTF-8"?>
<testsuite xmlns:xsi="http://www.w3.org/2001/XMLSchema-instance" xsi:noNamespaceSchemaLocation="https://maven.apache.org/surefire/maven-surefire-plugin/xsd/surefire-test-report-3.0.xsd" version="3.0" name="com.revature.ServiceTests" time="0.841" tests="31" errors="0" skipped="0" failures="0">
  <properties>
    <property name="sun.desktop" value="windows"/>
    <property name="awt.toolkit" value="sun.awt.windows.WToolkit"/>
    <property name="file.encoding.pkg" value="sun.io"/>
    <property name="java.specification.version" value="1.8"/>
    <property name="sun.cpu.isalist" value="amd64"/>
    <property name="sun.jnu.encoding" value="Cp1252"/>
    <property name="java.class.path" value="E:\Revature\STSWorkspace\Project_0\target\test-classes;E:\Revature\STSWorkspace\Project_0\target\classes;C:\Users\Oren\.m2\repository\junit\junit\4.13.1\junit-4.13.1.jar;C:\Users\Oren\.m2\repository\org\hamcrest\hamcrest-core\1.3\hamcrest-core-1.3.jar;C:\Users\Oren\.m2\repository\org\postgresql\postgresql\42.3.3\postgresql-42.3.3.jar;C:\Users\Oren\.m2\repository\org\checkerframework\checker-qual\3.5.0\checker-qual-3.5.0.jar;C:\Users\Oren\.m2\repository\log4j\log4j\1.2.17\log4j-1.2.17.jar;C:\Users\Oren\.m2\repository\org\mockito\mockito-core\4.5.1\mockito-core-4.5.1.jar;C:\Users\Oren\.m2\repository\net\bytebuddy\byte-buddy\1.12.9\byte-buddy-1.12.9.jar;C:\Users\Oren\.m2\repository\net\bytebuddy\byte-buddy-agent\1.12.9\byte-buddy-agent-1.12.9.jar;C:\Users\Oren\.m2\repository\org\objenesis\objenesis\3.2\objenesis-3.2.jar;"/>
    <property name="java.vm.vendor" value="Oracle Corporation"/>
    <property name="sun.arch.data.model" value="64"/>
    <property name="user.variant" value=""/>
    <property name="java.vendor.url" value="http://java.oracle.com/"/>
    <property name="user.timezone" value="America/New_York"/>
    <property name="java.vm.specification.version" value="1.8"/>
    <property name="os.name" value="Windows 10"/>
    <property name="user.country" value="US"/>
    <property name="sun.java.launcher" value="SUN_STANDARD"/>
    <property name="sun.boot.library.path" value="C:\Program Files\Java\jdk1.8.0_333\jre\bin"/>
    <property name="sun.java.command" value="C:\Users\Oren\AppData\Local\Temp\surefire6051644384093762436\surefirebooter5062755796662781729.jar C:\Users\Oren\AppData\Local\Temp\surefire6051644384093762436 2022-06-29T08-02-29_015-jvmRun1 surefire663262612011114364tmp surefire_05301686521937427177tmp"/>
    <property name="surefire.test.class.path" value="E:\Revature\STSWorkspace\Project_0\target\test-classes;E:\Revature\STSWorkspace\Project_0\target\classes;C:\Users\Oren\.m2\repository\junit\junit\4.13.1\junit-4.13.1.jar;C:\Users\Oren\.m2\repository\org\hamcrest\hamcrest-core\1.3\hamcrest-core-1.3.jar;C:\Users\Oren\.m2\repository\org\postgresql\postgresql\42.3.3\postgresql-42.3.3.jar;C:\Users\Oren\.m2\repository\org\checkerframework\checker-qual\3.5.0\checker-qual-3.5.0.jar;C:\Users\Oren\.m2\repository\log4j\log4j\1.2.17\log4j-1.2.17.jar;C:\Users\Oren\.m2\repository\org\mockito\mockito-core\4.5.1\mockito-core-4.5.1.jar;C:\Users\Oren\.m2\repository\net\bytebuddy\byte-buddy\1.12.9\byte-buddy-1.12.9.jar;C:\Users\Oren\.m2\repository\net\bytebuddy\byte-buddy-agent\1.12.9\byte-buddy-agent-1.12.9.jar;C:\Users\Oren\.m2\repository\org\objenesis\objenesis\3.2\objenesis-3.2.jar;"/>
    <property name="sun.cpu.endian" value="little"/>
    <property name="user.home" value="C:\Users\Oren"/>
    <property name="user.language" value="en"/>
    <property name="java.specification.vendor" value="Oracle Corporation"/>
    <property name="java.home" value="C:\Program Files\Java\jdk1.8.0_333\jre"/>
    <property name="basedir" value="E:\Revature\STSWorkspace\Project_0"/>
    <property name="file.separator" value="\"/>
    <property name="line.separator" value="&#10;"/>
    <property name="java.vm.specification.vendor" value="Oracle Corporation"/>
    <property name="java.specification.name" value="Java Platform API Specification"/>
    <property name="java.awt.graphicsenv" value="sun.awt.Win32GraphicsEnvironment"/>
    <property name="surefire.real.class.path" value="C:\Users\Oren\AppData\Local\Temp\surefire6051644384093762436\surefirebooter5062755796662781729.jar;C:\\Users\\Oren\\.m2\\repository\\org\\jacoco\\org.jacoco.agent\\0.8.6\\org.jacoco.agent-0.8.6-runtime.jar"/>
    <property name="sun.boot.class.path" value="C:\Program Files\Java\jdk1.8.0_333\jre\lib\resources.jar;C:\Program Files\Java\jdk1.8.0_333\jre\lib\rt.jar;C:\Program Files\Java\jdk1.8.0_333\jre\lib\sunrsasign.jar;C:\Program Files\Java\jdk1.8.0_333\jre\lib\jsse.jar;C:\Program Files\Java\jdk1.8.0_333\jre\lib\jce.jar;C:\Program Files\Java\jdk1.8.0_333\jre\lib\charsets.jar;C:\Program Files\Java\jdk1.8.0_333\jre\lib\jfr.jar;C:\Program Files\Java\jdk1.8.0_333\jre\classes"/>
    <property name="user.script" value=""/>
    <property name="sun.management.compiler" value="HotSpot 64-Bit Tiered Compilers"/>
    <property name="java.runtime.version" value="1.8.0_333-b02"/>
    <property name="user.name" value="Oren"/>
    <property name="path.separator" value=";"/>
    <property name="os.version" value="10.0"/>
    <property name="java.endorsed.dirs" value="C:\Program Files\Java\jdk1.8.0_333\jre\lib\endorsed"/>
    <property name="java.runtime.name" value="Java(TM) SE Runtime Environment"/>
    <property name="file.encoding" value="Cp1252"/>
    <property name="java.vm.name" value="Java HotSpot(TM) 64-Bit Server VM"/>
    <property name="localRepository" value="C:\Users\Oren\.m2\repository"/>
    <property name="java.vendor.url.bug" value="http://bugreport.sun.com/bugreport/"/>
    <property name="java.io.tmpdir" value="C:\Users\Oren\AppData\Local\Temp\"/>
    <property name="java.version" value="1.8.0_333"/>
    <property name="user.dir" value="E:\Revature\STSWorkspace\Project_0"/>
    <property name="os.arch" value="amd64"/>
    <property name="java.vm.specification.name" value="Java Virtual Machine Specification"/>
    <property name="java.awt.printerjob" value="sun.awt.windows.WPrinterJob"/>
    <property name="sun.os.patch.level" value=""/>
    <property name="java.library.path" value="C:\Program Files\Java\jdk1.8.0_333\jre\bin;C:\WINDOWS\Sun\Java\bin;C:\WINDOWS\system32;C:\WINDOWS;C:\Users\Oren\bin;C:\Program Files\Git\mingw64\bin;C:\Program Files\Git\usr\local\bin;C:\Program Files\Git\usr\bin;C:\Program Files\Git\usr\bin;C:\Program Files\Git\mingw64\bin;C:\Program Files\Git\usr\bin;C:\Users\Oren\bin;C:\Program Files (x86)\Common Files\Oracle\Java\javapath;C:\Program Files (x86)\Common Files\Intel\Shared Libraries\redist\intel64\compiler;E:\server;E:\client;C:\WINDOWS\system32;C:\WINDOWS;C:\WINDOWS\System32\Wbem;C:\WINDOWS\System32\WindowsPowerShell\v1.0;C:\WINDOWS\System32\OpenSSH;E:\Program Files (x86)\QuickTime Alternative\QTSystem;C:\Program Files\dotnet;C:\Program Files\Microsoft SQL Server\130\Tools\Binn;C:\Program Files\Git\cmd;C:\Program Files\Java\jdk1.8.0_333\bin;C:\Maven\apache-maven-3.8.6\bin;C:\Users\Oren\AppData\Local\Programs\Python\Python310\Scripts;C:\Users\Oren\AppData\Local\Programs\Python\Python310;C:\Users\Oren\AppData\Local\Microsoft\WindowsApps;C:\Users\Oren\AppData\Local\GitHubDesktop\bin;C:\Program Files\Git\usr\bin\vendor_perl;C:\Program Files\Git\usr\bin\core_perl;."/>
    <property name="java.vm.info" value="mixed mode"/>
    <property name="java.vendor" value="Oracle Corporation"/>
    <property name="java.vm.version" value="25.333-b02"/>
    <property name="java.ext.dirs" value="C:\Program Files\Java\jdk1.8.0_333\jre\lib\ext;C:\WINDOWS\Sun\Java\lib\ext"/>
    <property name="sun.io.unicode.encoding" value="UnicodeLittle"/>
    <property name="java.class.version" value="52.0"/>
  </properties>
  <testcase name="WithdrawUpdateFail" classname="com.revature.ServiceTests" time="0.79">
    <system-out><![CDATA[Tried to Update Account and Failed
]]></system-out>
  </testcase>
  <testcase name="checkUserIdFail" classname="com.revature.ServiceTests" time="0.001">
    <system-out><![CDATA[Failed to Retrieve User
]]></system-out>
  </testcase>
  <testcase name="checkUsernameFail" classname="com.revature.ServiceTests" time="0.001">
    <system-out><![CDATA[Failed to Retrieve User
]]></system-out>
  </testcase>
  <testcase name="loginFail" classname="com.revature.ServiceTests" time="0.002">
    <system-out><![CDATA[Username and Password Do Not Match
]]></system-out>
  </testcase>
  <testcase name="TransferFindAccount2Fail" classname="com.revature.ServiceTests" time="0.003">
    <system-out><![CDATA[Could Not Find Account to Deposit To
]]></system-out>
  </testcase>
  <testcase name="WithdrawNegativeFail" classname="com.revature.ServiceTests" time="0">
    <system-out><![CDATA[Tried to Withdraw a Negative Amount of Money
]]></system-out>
  </testcase>
  <testcase name="TransferUpdateFail2" classname="com.revature.ServiceTests" time="0">
    <system-out><![CDATA[Tried to Update Account and Failed
]]></system-out>
  </testcase>
  <testcase name="TranserSuccess" classname="com.revature.ServiceTests" time="0.003"/>
  <testcase name="CheckAccountFail" classname="com.revature.ServiceTests" time="0.001">
    <system-out><![CDATA[Failed to Find the Account
]]></system-out>
  </testcase>
  <testcase name="WithdrawOverDrawFail" classname="com.revature.ServiceTests" time="0.001">
    <system-out><![CDATA[Tried to Withdraw More Money Than Is In Account
]]></system-out>
  </testcase>
  <testcase name="TransferUpdateFail" classname="com.revature.ServiceTests" time="0.002">
    <system-out><![CDATA[Tried to Update Account and Failed
]]></system-out>
  </testcase>
  <testcase name="getUserAccountsFail" classname="com.revature.ServiceTests" time="0.001">
    <system-out><![CDATA[Failed to Retrieve the Accounts
]]></system-out>
  </testcase>
  <testcase name="WithdrawSuccess" classname="com.revature.ServiceTests" time="0.002"/>
  <testcase name="WithdrawFindAccountFail" classname="com.revature.ServiceTests" time="0.001">
    <system-out><![CDATA[Could Not Find Account to Withdraw
]]></system-out>
  </testcase>
  <testcase name="CheckAccountSuccess" classname="com.revature.ServiceTests" time="0.001"/>
  <testcase name="TransferFindAccountFail" classname="com.revature.ServiceTests" time="0.002">
    <system-out><![CDATA[Could Not Find Account to Withdraw From
]]></system-out>
  </testcase>
  <testcase name="getAllUserFail" classname="com.revature.ServiceTests" time="0.001">
    <system-out><![CDATA[Failed to Retrieve All Users
]]></system-out>
  </testcase>
  <testcase name="DepositUpdateFail" classname="com.revature.ServiceTests" time="0.003">
    <system-out><![CDATA[Tried to Update Account and Failed
]]></system-out>
  </testcase>
  <testcase name="depostSuccess" classname="com.revature.ServiceTests" time="0"/>
  <testcase name="checkUserIdSuccess" classname="com.revature.ServiceTests" time="0"/>
  <testcase name="testReturnAllAccount" classname="com.revature.ServiceTests" time="0.001"/>
  <testcase name="SetAccountOpenIDFail" classname="com.revature.ServiceTests" time="0.002">
    <system-out><![CDATA[Failed to Find the Account
]]></system-out>
  </testcase>
  <testcase name="SetAccountOpenSuccess" classname="com.revature.ServiceTests" time="0.002"/>
  <testcase name="returnAllAccountFail" classname="com.revature.ServiceTests" time="0">
    <system-out><![CDATA[Failed to Retrieve the Accounts
]]></system-out>
  </testcase>
  <testcase name="DepositFindAccountFail" classname="com.revature.ServiceTests" time="0.001">
    <system-out><![CDATA[Could Not Find Account to Depost
]]></system-out>
  </testcase>
  <testcase name="getAllUserSuccess" classname="com.revature.ServiceTests" time="0.001"/>
  <testcase name="loginSucess" classname="com.revature.ServiceTests" time="0.002">
    <system-out><![CDATA[Login Succesful
]]></system-out>
  </testcase>
  <testcase name="TransferNegativeFail" classname="com.revature.ServiceTests" time="0">
    <system-out><![CDATA[Tried to Deposit a Negative Amount of Money
]]></system-out>
  </testcase>
  <testcase name="SetAccountOpenUpdateFail" classname="com.revature.ServiceTests" time="0.001">
    <system-out><![CDATA[Tried to Update Account and Failed
]]></system-out>
  </testcase>
  <testcase name="getUserAccountsSuccess" classname="com.revature.ServiceTests" time="0.001"/>
  <testcase name="DepositNegativeFail" classname="com.revature.ServiceTests" time="0.001">
    <system-out><![CDATA[Tried to Deposit a Negative Amount of Money
]]></system-out>
  </testcase>
</testsuite>